<?xml version="1.0" encoding="UTF-8"?>
<!-- Generated by org.testng.reporters.JUnitXMLReporter -->
<testsuite ignored="0" hostname="LAPTOP-P6IB69AV" failures="0" tests="5" name="Command line test" time="8.358" errors="0" timestamp="29 апр. 2023 08:30:16 GMT">
  <testcase classname="com.autodns.Tests" name="checkCountOfTagsTest" time="4.018"/>
  <testcase classname="in.reqres.TestsApi" name="getUsersListAndCheckUniqueFilesTest" time="1.428"/>
  <testcase classname="in.reqres.TestsApi" name="listResourcesSortedTest" time="1.067"/>
  <testcase classname="in.reqres.TestsApi" name="loginSuccessTest" time="0.919"/>
  <testcase classname="in.reqres.TestsApi" name="loginUnsuccessfulTest" time="0.812"/>
</testsuite> <!-- Command line test -->
