<?xml version="1.0" encoding="UTF-8"?>
<!-- Generated by org.testng.reporters.JUnitXMLReporter -->
<testsuite ignored="0" hostname="LAPTOP-P6IB69AV" failures="0" tests="5" name="Command line test" time="2.584" errors="0" timestamp="04 июн. 2023 11:58:15 GMT">
  <testcase classname="com.autodns.Tests" name="checkCountOfTagsTest" time="1.583"/>
  <testcase classname="in.reqres.TestsApi" name="getUsersListAndCheckUniqueFilesTest" time="0.288"/>
  <testcase classname="in.reqres.TestsApi" name="listResourcesSortedTest" time="0.118"/>
  <testcase classname="in.reqres.TestsApi" name="loginSuccessTest" time="0.268"/>
  <testcase classname="in.reqres.TestsApi" name="loginUnsuccessfulTest" time="0.257"/>
</testsuite> <!-- Command line test -->
