<?xml version="1.0" encoding="UTF-8" ?>
<testsuite tests="5" failures="0" name="TestSuite" time="2.511" errors="0" skipped="0">
  <properties>
[...]
</properties>
  <testcase classname="com.autodns.Tests" name="checkCountOfTagsTest" time="1.578"/>
  <testcase classname="in.reqres.TestsApi" name="getUsersListAndCheckUniqueFilesTest" time="0.289"/>
  <testcase classname="in.reqres.TestsApi" name="listResourcesSortedTest" time="0.119"/>
  <testcase classname="in.reqres.TestsApi" name="loginSuccessTest" time="0.268"/>
  <testcase classname="in.reqres.TestsApi" name="loginUnsuccessfulTest" time="0.257"/>
</testsuite>